<?xml version="1.0" encoding="UTF-8"?>
<testng-results skipped="1" failed="0" total="1" passed="0">
  <reporter-output>
  </reporter-output>
  <suite name="Default suite" duration-ms="34" started-at="2019-11-10T13:00:31Z" finished-at="2019-11-10T13:00:31Z">
    <groups>
    </groups>
    <test name="Default test" duration-ms="34" started-at="2019-11-10T13:00:31Z" finished-at="2019-11-10T13:00:31Z">
      <class name="org.isb.training.selenium.RunTest">
        <test-method status="FAIL" signature="beforeClass()[pri:0, instance:org.isb.training.selenium.RunTest@1ce92674]" name="beforeClass" is-config="true" duration-ms="0" started-at="2019-11-10T08:00:31Z" finished-at="2019-11-10T08:00:31Z">
          <exception class="java.lang.NoClassDefFoundError">
            <message>
              <![CDATA[org/isb/training/selenium/config/Constants]]>
            </message>
            <full-stacktrace>
              <![CDATA[java.lang.NoClassDefFoundError: org/isb/training/selenium/config/Constants
	at org.isb.training.selenium.RunTest.beforeClass(RunTest.java:47)
	at sun.reflect.NativeMethodAccessorImpl.invoke0(Native Method)
	at sun.reflect.NativeMethodAccessorImpl.invoke(NativeMethodAccessorImpl.java:62)
	at sun.reflect.DelegatingMethodAccessorImpl.invoke(DelegatingMethodAccessorImpl.java:43)
	at java.lang.reflect.Method.invoke(Method.java:498)
	at org.testng.internal.MethodInvocationHelper.invokeMethod(MethodInvocationHelper.java:80)
	at org.testng.internal.Invoker.invokeConfigurationMethod(Invoker.java:564)
	at org.testng.internal.Invoker.invokeConfigurations(Invoker.java:213)
	at org.testng.internal.Invoker.invokeConfigurations(Invoker.java:138)
	at org.testng.internal.TestMethodWorker.invokeBeforeClassMethods(TestMethodWorker.java:175)
	at org.testng.internal.TestMethodWorker.run(TestMethodWorker.java:107)
	at org.testng.TestRunner.privateRun(TestRunner.java:767)
	at org.testng.TestRunner.run(TestRunner.java:617)
	at org.testng.SuiteRunner.runTest(SuiteRunner.java:334)
	at org.testng.SuiteRunner.runSequentially(SuiteRunner.java:329)
	at org.testng.SuiteRunner.privateRun(SuiteRunner.java:291)
	at org.testng.SuiteRunner.run(SuiteRunner.java:240)
	at org.testng.SuiteRunnerWorker.runSuite(SuiteRunnerWorker.java:52)
	at org.testng.SuiteRunnerWorker.run(SuiteRunnerWorker.java:86)
	at org.testng.TestNG.runSuitesSequentially(TestNG.java:1198)
	at org.testng.TestNG.runSuitesLocally(TestNG.java:1123)
	at org.testng.TestNG.run(TestNG.java:1031)
	at org.testng.remote.AbstractRemoteTestNG.run(AbstractRemoteTestNG.java:115)
	at org.testng.remote.RemoteTestNG.initAndRun(RemoteTestNG.java:251)
	at org.testng.remote.RemoteTestNG.main(RemoteTestNG.java:77)
Caused by: java.lang.ClassNotFoundException: org.isb.training.selenium.config.Constants
	at java.net.URLClassLoader.findClass(URLClassLoader.java:382)
	at java.lang.ClassLoader.loadClass(ClassLoader.java:424)
	at sun.misc.Launcher$AppClassLoader.loadClass(Launcher.java:349)
	at java.lang.ClassLoader.loadClass(ClassLoader.java:357)
	... 25 more
]]>
            </full-stacktrace>
          </exception> <!-- java.lang.NoClassDefFoundError -->
          <reporter-output>
          </reporter-output>
        </test-method> <!-- beforeClass -->
        <test-method status="SKIP" signature="readExcel()[pri:0, instance:org.isb.training.selenium.RunTest@1ce92674]" name="readExcel" duration-ms="2" started-at="2019-11-10T08:00:31Z" finished-at="2019-11-10T08:00:31Z">
          <reporter-output>
          </reporter-output>
        </test-method> <!-- readExcel -->
        <test-method status="SKIP" signature="afterClass()[pri:0, instance:org.isb.training.selenium.RunTest@1ce92674]" name="afterClass" is-config="true" duration-ms="0" started-at="2019-11-10T08:00:31Z" finished-at="2019-11-10T08:00:31Z">
          <reporter-output>
          </reporter-output>
        </test-method> <!-- afterClass -->
      </class> <!-- org.isb.training.selenium.RunTest -->
    </test> <!-- Default test -->
  </suite> <!-- Default suite -->
</testng-results>
